<?xml version="1.0" encoding="UTF-8"?>
<testng-results ignored="0" total="1" passed="1" failed="0" skipped="0">
  <reporter-output>
    <line>
      <![CDATA[small model work Successfully..]]>
    </line>
    <line>
      <![CDATA[Large model work Successfully..]]>
    </line>
  </reporter-output>
  <suite started-at="2022-03-25T20:30:13 IST" name="Default suite" finished-at="2022-03-25T20:30:33 IST" duration-ms="19238">
    <groups>
    </groups>
    <test started-at="2022-03-25T20:30:13 IST" name="Default test" finished-at="2022-03-25T20:30:33 IST" duration-ms="19238">
      <class name="demo.toolsqa.alertsframesandwindows.ModelDialogsDemo">
        <test-method is-config="true" signature="setup()[pri:0, instance:demo.toolsqa.alertsframesandwindows.ModelDialogsDemo@4fb0f2b9]" started-at="2022-03-25T20:30:13 IST" name="setup" finished-at="2022-03-25T20:30:21 IST" duration-ms="8090" status="PASS">
          <reporter-output>
          </reporter-output>
        </test-method> <!-- setup -->
        <test-method signature="ModelDialogs()[pri:0, instance:demo.toolsqa.alertsframesandwindows.ModelDialogsDemo@4fb0f2b9]" started-at="2022-03-25T20:30:21 IST" name="ModelDialogs" description="verify model Dialogs Demo work successfully." finished-at="2022-03-25T20:30:32 IST" duration-ms="10075" status="PASS">
          <reporter-output>
            <line>
              <![CDATA[small model work Successfully..]]>
            </line>
            <line>
              <![CDATA[Large model work Successfully..]]>
            </line>
          </reporter-output>
        </test-method> <!-- ModelDialogs -->
        <test-method is-config="true" signature="tearDown()[pri:0, instance:demo.toolsqa.alertsframesandwindows.ModelDialogsDemo@4fb0f2b9]" started-at="2022-03-25T20:30:32 IST" name="tearDown" finished-at="2022-03-25T20:30:33 IST" duration-ms="791" status="PASS">
          <reporter-output>
          </reporter-output>
        </test-method> <!-- tearDown -->
      </class> <!-- demo.toolsqa.alertsframesandwindows.ModelDialogsDemo -->
    </test> <!-- Default test -->
  </suite> <!-- Default suite -->
</testng-results>
